[debug] [2018-05-29T15:16:05.533Z] ----------------------------------------------------------------------
[debug] [2018-05-29T15:16:05.533Z] Command:       C:\Program Files\nodejs\node.exe C:\Users\Dell\AppData\Roaming\npm\node_modules\firebase-tools\bin\firebase deploy
[debug] [2018-05-29T15:16:05.549Z] CLI Version:   3.18.4
[debug] [2018-05-29T15:16:05.549Z] Platform:      win32
[debug] [2018-05-29T15:16:05.549Z] Node Version:  v9.9.0
[debug] [2018-05-29T15:16:05.549Z] Time:          Tue May 29 2018 20:46:05 GMT+0530 (India Standard Time)
[debug] [2018-05-29T15:16:05.549Z] ----------------------------------------------------------------------
[debug] 
[debug] [2018-05-29T15:16:05.643Z] > command requires scopes: ["email","openid","https://www.googleapis.com/auth/cloudplatformprojects.readonly","https://www.googleapis.com/auth/firebase","https://www.googleapis.com/auth/cloud-platform"]
[debug] [2018-05-29T15:16:05.643Z] > authorizing via signed-in user
[debug] [2018-05-29T15:16:05.658Z] > refreshing access token with scopes: ["email","https://www.googleapis.com/auth/cloud-platform","https://www.googleapis.com/auth/cloudplatformprojects.readonly","https://www.googleapis.com/auth/firebase","openid"]
[debug] [2018-05-29T15:16:05.658Z] >>> HTTP REQUEST POST https://www.googleapis.com/oauth2/v3/token  
 { refresh_token: '1/PoCGl9yLTezDN6gYVgL0cYvtKcelY_Csf3jR1uxF5BM',
  client_id: '563584335869-fgrhgmd47bqnekij5i8b5pr03ho849e6.apps.googleusercontent.com',
  client_secret: 'j9iVZfS8kkCEFUPaAeJV0sAi',
  grant_type: 'refresh_token',
  scope: 'email https://www.googleapis.com/auth/cloud-platform https://www.googleapis.com/auth/cloudplatformprojects.readonly https://www.googleapis.com/auth/firebase openid' } 
 Tue May 29 2018 20:46:05 GMT+0530 (India Standard Time)
[debug] [2018-05-29T15:16:06.205Z] <<< HTTP RESPONSE 200
[debug] [2018-05-29T15:16:06.221Z] >>> HTTP REQUEST GET https://admin.firebase.com/v1/projects/e-dcse  
  
 Tue May 29 2018 20:46:06 GMT+0530 (India Standard Time)
[debug] [2018-05-29T15:16:08.831Z] <<< HTTP RESPONSE 200
[debug] [2018-05-29T15:16:08.831Z] >>> HTTP REQUEST GET https://admin.firebase.com/v1/database/e-dcse/tokens  
  
 Tue May 29 2018 20:46:08 GMT+0530 (India Standard Time)
[debug] [2018-05-29T15:16:10.003Z] <<< HTTP RESPONSE 200
